{"src/parts/AriaRoles/AriaRoles.ts": {"path":"src/parts/AriaRoles/AriaRoles.ts","statementMap":{"0":{"start":{"line":1,"column":20},"end":{"line":1,"column":26}}},"fnMap":{},"branchMap":{},"s":{"0":1},"f":{},"b":{}}
,"src/parts/ClassNames/ClassNames.ts": {"path":"src/parts/ClassNames/ClassNames.ts","statementMap":{"0":{"start":{"line":1,"column":26},"end":{"line":1,"column":38}},"1":{"start":{"line":2,"column":19},"end":{"line":2,"column":24}},"2":{"start":{"line":3,"column":37},"end":{"line":3,"column":60}},"3":{"start":{"line":4,"column":33},"end":{"line":4,"column":52}},"4":{"start":{"line":5,"column":40},"end":{"line":5,"column":66}},"5":{"start":{"line":6,"column":32},"end":{"line":6,"column":50}},"6":{"start":{"line":7,"column":36},"end":{"line":7,"column":58}},"7":{"start":{"line":8,"column":36},"end":{"line":8,"column":58}},"8":{"start":{"line":9,"column":35},"end":{"line":9,"column":56}},"9":{"start":{"line":10,"column":27},"end":{"line":10,"column":40}},"10":{"start":{"line":11,"column":23},"end":{"line":11,"column":32}},"11":{"start":{"line":12,"column":40},"end":{"line":12,"column":66}},"12":{"start":{"line":13,"column":36},"end":{"line":13,"column":58}},"13":{"start":{"line":14,"column":35},"end":{"line":14,"column":56}},"14":{"start":{"line":15,"column":41},"end":{"line":15,"column":68}},"15":{"start":{"line":16,"column":39},"end":{"line":16,"column":64}},"16":{"start":{"line":17,"column":38},"end":{"line":17,"column":62}},"17":{"start":{"line":18,"column":43},"end":{"line":18,"column":72}},"18":{"start":{"line":19,"column":39},"end":{"line":19,"column":64}},"19":{"start":{"line":20,"column":23},"end":{"line":20,"column":32}},"20":{"start":{"line":21,"column":25},"end":{"line":21,"column":36}},"21":{"start":{"line":22,"column":30},"end":{"line":22,"column":46}},"22":{"start":{"line":23,"column":31},"end":{"line":23,"column":48}}},"fnMap":{},"branchMap":{},"s":{"0":1,"1":1,"2":1,"3":1,"4":1,"5":1,"6":1,"7":1,"8":1,"9":1,"10":1,"11":1,"12":1,"13":1,"14":1,"15":1,"16":1,"17":1,"18":1,"19":1,"20":1,"21":1,"22":1},"f":{},"b":{}}
,"src/parts/CommandMap/CommandMap.ts": {"path":"src/parts/CommandMap/CommandMap.ts","statementMap":{"0":{"start":{"line":8,"column":26},"end":{"line":21,"column":null}}},"fnMap":{},"branchMap":{},"s":{"0":1},"f":{},"b":{}}
,"src/parts/DomEventListenerFunctions/DomEventListenerFunctions.ts": {"path":"src/parts/DomEventListenerFunctions/DomEventListenerFunctions.ts","statementMap":{"0":{"start":{"line":1,"column":33},"end":{"line":1,"column":52}},"1":{"start":{"line":2,"column":27},"end":{"line":2,"column":40}},"2":{"start":{"line":3,"column":33},"end":{"line":3,"column":52}},"3":{"start":{"line":4,"column":32},"end":{"line":4,"column":50}},"4":{"start":{"line":5,"column":38},"end":{"line":5,"column":62}},"5":{"start":{"line":6,"column":27},"end":{"line":6,"column":40}}},"fnMap":{},"branchMap":{},"s":{"0":1,"1":1,"2":1,"3":1,"4":1,"5":1},"f":{},"b":{}}
,"src/parts/FilterKeyBinding/FilterKeyBinding.ts": {"path":"src/parts/FilterKeyBinding/FilterKeyBinding.ts","statementMap":{"0":{"start":{"line":3,"column":32},"end":{"line":6,"column":1}},"1":{"start":{"line":4,"column":18},"end":{"line":4,"column":56}},"2":{"start":{"line":5,"column":2},"end":{"line":5,"column":null}}},"fnMap":{"0":{"name":"(anonymous_0)","decl":{"start":{"line":3,"column":32},"end":{"line":3,"column":33}},"loc":{"start":{"line":3,"column":85},"end":{"line":6,"column":1}}}},"branchMap":{},"s":{"0":2,"1":8,"2":8},"f":{"0":8},"b":{}}
,"src/parts/FilterKeyBindings/FilterKeyBindings.ts": {"path":"src/parts/FilterKeyBindings/FilterKeyBindings.ts","statementMap":{"0":{"start":{"line":3,"column":23},"end":{"line":9,"column":1}},"1":{"start":{"line":4,"column":2},"end":{"line":8,"column":null}},"2":{"start":{"line":11,"column":25},"end":{"line":13,"column":1}},"3":{"start":{"line":12,"column":2},"end":{"line":12,"column":null}},"4":{"start":{"line":15,"column":38},"end":{"line":33,"column":1}},"5":{"start":{"line":16,"column":2},"end":{"line":18,"column":3}},"6":{"start":{"line":17,"column":4},"end":{"line":17,"column":null}},"7":{"start":{"line":19,"column":30},"end":{"line":19,"column":32}},"8":{"start":{"line":20,"column":2},"end":{"line":31,"column":3}},"9":{"start":{"line":21,"column":29},"end":{"line":21,"column":39}},"10":{"start":{"line":22,"column":27},"end":{"line":22,"column":76}},"11":{"start":{"line":23,"column":23},"end":{"line":23,"column":68}},"12":{"start":{"line":24,"column":4},"end":{"line":30,"column":5}},"13":{"start":{"line":25,"column":6},"end":{"line":29,"column":null}},"14":{"start":{"line":32,"column":2},"end":{"line":32,"column":null}}},"fnMap":{"0":{"name":"(anonymous_0)","decl":{"start":{"line":3,"column":23},"end":{"line":3,"column":24}},"loc":{"start":{"line":3,"column":43},"end":{"line":9,"column":1}}},"1":{"name":"(anonymous_1)","decl":{"start":{"line":11,"column":25},"end":{"line":11,"column":26}},"loc":{"start":{"line":11,"column":46},"end":{"line":13,"column":1}}},"2":{"name":"(anonymous_2)","decl":{"start":{"line":15,"column":38},"end":{"line":15,"column":39}},"loc":{"start":{"line":15,"column":76},"end":{"line":33,"column":1}}}},"branchMap":{"0":{"loc":{"start":{"line":16,"column":2},"end":{"line":18,"column":3}},"type":"if","locations":[{"start":{"line":16,"column":2},"end":{"line":18,"column":3}}]},"1":{"loc":{"start":{"line":24,"column":4},"end":{"line":30,"column":5}},"type":"if","locations":[{"start":{"line":24,"column":4},"end":{"line":30,"column":5}}]},"2":{"loc":{"start":{"line":24,"column":8},"end":{"line":24,"column":58}},"type":"binary-expr","locations":[{"start":{"line":24,"column":8},"end":{"line":24,"column":33}},{"start":{"line":24,"column":37},"end":{"line":24,"column":58}}]}},"s":{"0":2,"1":0,"2":2,"3":0,"4":2,"5":2,"6":0,"7":2,"8":2,"9":4,"10":4,"11":4,"12":4,"13":2,"14":2},"f":{"0":0,"1":0,"2":2},"b":{"0":[0],"1":[2],"2":[4,2]}}
,"src/parts/GetIconVirtualDom/GetIconVirtualDom.ts": {"path":"src/parts/GetIconVirtualDom/GetIconVirtualDom.ts","statementMap":{"0":{"start":{"line":4,"column":33},"end":{"line":11,"column":1}},"1":{"start":{"line":5,"column":2},"end":{"line":10,"column":null}}},"fnMap":{"0":{"name":"(anonymous_0)","decl":{"start":{"line":4,"column":33},"end":{"line":4,"column":34}},"loc":{"start":{"line":4,"column":81},"end":{"line":11,"column":1}}}},"branchMap":{"0":{"loc":{"start":{"line":4,"column":48},"end":{"line":4,"column":77}},"type":"default-arg","locations":[{"start":{"line":4,"column":55},"end":{"line":4,"column":77}}]}},"s":{"0":1,"1":0},"f":{"0":0},"b":{"0":[0]}}
,"src/parts/GetKeyBindings/GetKeyBindings.ts": {"path":"src/parts/GetKeyBindings/GetKeyBindings.ts","statementMap":{"0":{"start":{"line":5,"column":30},"end":{"line":58,"column":1}},"1":{"start":{"line":6,"column":2},"end":{"line":57,"column":null}}},"fnMap":{"0":{"name":"(anonymous_0)","decl":{"start":{"line":5,"column":30},"end":{"line":5,"column":55}},"loc":{"start":{"line":5,"column":57},"end":{"line":58,"column":1}}}},"branchMap":{},"s":{"0":1,"1":0},"f":{"0":0},"b":{}}
,"src/parts/GetKeyBindingsHeaderVirtualDom/GetKeyBindingsHeaderVirtualDom.ts": {"path":"src/parts/GetKeyBindingsHeaderVirtualDom/GetKeyBindingsHeaderVirtualDom.ts","statementMap":{"0":{"start":{"line":8,"column":46},"end":{"line":32,"column":1}},"1":{"start":{"line":9,"column":2},"end":{"line":31,"column":null}}},"fnMap":{"0":{"name":"(anonymous_0)","decl":{"start":{"line":8,"column":46},"end":{"line":8,"column":49}},"loc":{"start":{"line":8,"column":51},"end":{"line":32,"column":1}}}},"branchMap":{},"s":{"0":1,"1":0},"f":{"0":0},"b":{}}
,"src/parts/GetKeyBindingsTableBodyRowClassName/GetKeyBindingsTableBodyRowClassName.ts": {"path":"src/parts/GetKeyBindingsTableBodyRowClassName/GetKeyBindingsTableBodyRowClassName.ts","statementMap":{"0":{"start":{"line":4,"column":31},"end":{"line":10,"column":1}},"1":{"start":{"line":5,"column":2},"end":{"line":9,"column":null}}},"fnMap":{"0":{"name":"(anonymous_0)","decl":{"start":{"line":4,"column":31},"end":{"line":4,"column":32}},"loc":{"start":{"line":4,"column":70},"end":{"line":10,"column":1}}}},"branchMap":{"0":{"loc":{"start":{"line":7,"column":4},"end":{"line":7,"column":83}},"type":"cond-expr","locations":[{"start":{"line":7,"column":13},"end":{"line":7,"column":47}},{"start":{"line":7,"column":50},"end":{"line":7,"column":83}}]},"1":{"loc":{"start":{"line":8,"column":4},"end":{"line":8,"column":58}},"type":"cond-expr","locations":[{"start":{"line":8,"column":15},"end":{"line":8,"column":53}},{"start":{"line":8,"column":56},"end":{"line":8,"column":58}}]}},"s":{"0":1,"1":0},"f":{"0":0},"b":{"0":[0,0],"1":[0,0]}}
,"src/parts/GetKeyBindingsTableBodyRowVirtualDom/GetKeyBindingsTableBodyRowVirtualDom.ts": {"path":"src/parts/GetKeyBindingsTableBodyRowVirtualDom/GetKeyBindingsTableBodyRowVirtualDom.ts","statementMap":{"0":{"start":{"line":8,"column":45},"end":{"line":26,"column":1}},"1":{"start":{"line":9,"column":33},"end":{"line":9,"column":43}},"2":{"start":{"line":10,"column":17},"end":{"line":10,"column":35}},"3":{"start":{"line":11,"column":20},"end":{"line":11,"column":89}},"4":{"start":{"line":12,"column":14},"end":{"line":24,"column":null}},"5":{"start":{"line":25,"column":2},"end":{"line":25,"column":null}}},"fnMap":{"0":{"name":"(anonymous_0)","decl":{"start":{"line":8,"column":45},"end":{"line":8,"column":46}},"loc":{"start":{"line":8,"column":65},"end":{"line":26,"column":1}}}},"branchMap":{},"s":{"0":1,"1":0,"2":0,"3":0,"4":0,"5":0},"f":{"0":0},"b":{}}
,"src/parts/GetKeyBindingsTableBodyVirtualDom/GetKeyBindingsTableBodyVirtualDom.ts": {"path":"src/parts/GetKeyBindingsTableBodyVirtualDom/GetKeyBindingsTableBodyVirtualDom.ts","statementMap":{"0":{"start":{"line":5,"column":42},"end":{"line":14,"column":1}},"1":{"start":{"line":6,"column":2},"end":{"line":13,"column":null}}},"fnMap":{"0":{"name":"(anonymous_0)","decl":{"start":{"line":5,"column":42},"end":{"line":5,"column":43}},"loc":{"start":{"line":5,"column":70},"end":{"line":14,"column":1}}}},"branchMap":{},"s":{"0":1,"1":0},"f":{"0":0},"b":{}}
,"src/parts/GetKeyBindingsTableCellCommandVirtualDom/GetKeyBindingsTableCellCommandVirtualDom.ts": {"path":"src/parts/GetKeyBindingsTableCellCommandVirtualDom/GetKeyBindingsTableCellCommandVirtualDom.ts","statementMap":{"0":{"start":{"line":5,"column":18},"end":{"line":9,"column":null}},"1":{"start":{"line":11,"column":22},"end":{"line":32,"column":1}},"2":{"start":{"line":12,"column":2},"end":{"line":12,"column":null}},"3":{"start":{"line":13,"column":17},"end":{"line":13,"column":18}},"4":{"start":{"line":14,"column":2},"end":{"line":26,"column":3}},"5":{"start":{"line":14,"column":15},"end":{"line":14,"column":16}},"6":{"start":{"line":15,"column":27},"end":{"line":15,"column":40}},"7":{"start":{"line":16,"column":25},"end":{"line":16,"column":42}},"8":{"start":{"line":17,"column":4},"end":{"line":21,"column":5}},"9":{"start":{"line":18,"column":25},"end":{"line":18,"column":62}},"10":{"start":{"line":19,"column":6},"end":{"line":19,"column":null}},"11":{"start":{"line":20,"column":6},"end":{"line":20,"column":null}},"12":{"start":{"line":22,"column":26},"end":{"line":22,"column":67}},"13":{"start":{"line":23,"column":4},"end":{"line":23,"column":null}},"14":{"start":{"line":24,"column":4},"end":{"line":24,"column":null}},"15":{"start":{"line":25,"column":4},"end":{"line":25,"column":null}},"16":{"start":{"line":27,"column":2},"end":{"line":31,"column":3}},"17":{"start":{"line":28,"column":22},"end":{"line":28,"column":43}},"18":{"start":{"line":29,"column":4},"end":{"line":29,"column":null}},"19":{"start":{"line":30,"column":4},"end":{"line":30,"column":null}},"20":{"start":{"line":34,"column":49},"end":{"line":46,"column":1}},"21":{"start":{"line":35,"column":38},"end":{"line":35,"column":48}},"22":{"start":{"line":36,"column":28},"end":{"line":36,"column":51}},"23":{"start":{"line":37,"column":21},"end":{"line":37,"column":23}},"24":{"start":{"line":38,"column":20},"end":{"line":42,"column":null}},"25":{"start":{"line":43,"column":2},"end":{"line":43,"column":null}},"26":{"start":{"line":44,"column":2},"end":{"line":44,"column":null}},"27":{"start":{"line":45,"column":2},"end":{"line":45,"column":null}}},"fnMap":{"0":{"name":"(anonymous_0)","decl":{"start":{"line":11,"column":22},"end":{"line":11,"column":23}},"loc":{"start":{"line":11,"column":80},"end":{"line":32,"column":1}}},"1":{"name":"(anonymous_1)","decl":{"start":{"line":34,"column":49},"end":{"line":34,"column":50}},"loc":{"start":{"line":34,"column":69},"end":{"line":46,"column":1}}}},"branchMap":{"0":{"loc":{"start":{"line":17,"column":4},"end":{"line":21,"column":5}},"type":"if","locations":[{"start":{"line":17,"column":4},"end":{"line":21,"column":5}}]},"1":{"loc":{"start":{"line":27,"column":2},"end":{"line":31,"column":3}},"type":"if","locations":[{"start":{"line":27,"column":2},"end":{"line":31,"column":3}}]}},"s":{"0":1,"1":1,"2":0,"3":0,"4":0,"5":0,"6":0,"7":0,"8":0,"9":0,"10":0,"11":0,"12":0,"13":0,"14":0,"15":0,"16":0,"17":0,"18":0,"19":0,"20":1,"21":0,"22":0,"23":0,"24":0,"25":0,"26":0,"27":0},"f":{"0":0,"1":0},"b":{"0":[0],"1":[0]}}
,"src/parts/GetKeyBindingsTableCellEditVirtualDom/GetKeyBindingsTableCellEditVirtualDom.ts": {"path":"src/parts/GetKeyBindingsTableCellEditVirtualDom/GetKeyBindingsTableCellEditVirtualDom.ts","statementMap":{"0":{"start":{"line":6,"column":46},"end":{"line":22,"column":1}},"1":{"start":{"line":7,"column":14},"end":{"line":7,"column":16}},"2":{"start":{"line":8,"column":2},"end":{"line":20,"column":null}},"3":{"start":{"line":21,"column":2},"end":{"line":21,"column":null}}},"fnMap":{"0":{"name":"(anonymous_0)","decl":{"start":{"line":6,"column":46},"end":{"line":6,"column":49}},"loc":{"start":{"line":6,"column":51},"end":{"line":22,"column":1}}}},"branchMap":{},"s":{"0":1,"1":0,"2":0,"3":0},"f":{"0":0},"b":{}}
,"src/parts/GetKeyBindingsTableCellKeyVirtualDom/GetKeyBindingsTableCellKeyVirtualDom.ts": {"path":"src/parts/GetKeyBindingsTableCellKeyVirtualDom/GetKeyBindingsTableCellKeyVirtualDom.ts","statementMap":{"0":{"start":{"line":5,"column":15},"end":{"line":9,"column":null}},"1":{"start":{"line":11,"column":17},"end":{"line":11,"column":29}},"2":{"start":{"line":12,"column":18},"end":{"line":12,"column":31}},"3":{"start":{"line":13,"column":17},"end":{"line":13,"column":26}},"4":{"start":{"line":16,"column":34},"end":{"line":31,"column":1}},"5":{"start":{"line":17,"column":35},"end":{"line":17,"column":45}},"6":{"start":{"line":18,"column":19},"end":{"line":18,"column":21}},"7":{"start":{"line":19,"column":19},"end":{"line":19,"column":20}},"8":{"start":{"line":20,"column":2},"end":{"line":23,"column":3}},"9":{"start":{"line":21,"column":4},"end":{"line":21,"column":null}},"10":{"start":{"line":22,"column":4},"end":{"line":22,"column":null}},"11":{"start":{"line":24,"column":2},"end":{"line":27,"column":3}},"12":{"start":{"line":25,"column":4},"end":{"line":25,"column":null}},"13":{"start":{"line":26,"column":4},"end":{"line":26,"column":null}},"14":{"start":{"line":28,"column":2},"end":{"line":28,"column":null}},"15":{"start":{"line":29,"column":2},"end":{"line":29,"column":null}},"16":{"start":{"line":30,"column":2},"end":{"line":30,"column":null}},"17":{"start":{"line":33,"column":45},"end":{"line":45,"column":1}},"18":{"start":{"line":34,"column":35},"end":{"line":34,"column":72}},"19":{"start":{"line":35,"column":14},"end":{"line":35,"column":16}},"20":{"start":{"line":36,"column":2},"end":{"line":43,"column":null}},"21":{"start":{"line":44,"column":2},"end":{"line":44,"column":null}}},"fnMap":{"0":{"name":"(anonymous_0)","decl":{"start":{"line":16,"column":34},"end":{"line":16,"column":35}},"loc":{"start":{"line":16,"column":54},"end":{"line":31,"column":1}}},"1":{"name":"(anonymous_1)","decl":{"start":{"line":33,"column":45},"end":{"line":33,"column":46}},"loc":{"start":{"line":33,"column":65},"end":{"line":45,"column":1}}}},"branchMap":{"0":{"loc":{"start":{"line":20,"column":2},"end":{"line":23,"column":3}},"type":"if","locations":[{"start":{"line":20,"column":2},"end":{"line":23,"column":3}}]},"1":{"loc":{"start":{"line":24,"column":2},"end":{"line":27,"column":3}},"type":"if","locations":[{"start":{"line":24,"column":2},"end":{"line":27,"column":3}}]}},"s":{"0":1,"1":1,"2":1,"3":1,"4":1,"5":0,"6":0,"7":0,"8":0,"9":0,"10":0,"11":0,"12":0,"13":0,"14":0,"15":0,"16":0,"17":1,"18":0,"19":0,"20":0,"21":0},"f":{"0":0,"1":0},"b":{"0":[0],"1":[0]}}
,"src/parts/GetKeyBindingsTableCellWhenVirtualDom/GetKeyBindingsTableCellWhenVirtualDom.ts": {"path":"src/parts/GetKeyBindingsTableCellWhenVirtualDom/GetKeyBindingsTableCellWhenVirtualDom.ts","statementMap":{"0":{"start":{"line":5,"column":13},"end":{"line":9,"column":null}},"1":{"start":{"line":11,"column":46},"end":{"line":16,"column":1}},"2":{"start":{"line":12,"column":19},"end":{"line":12,"column":29}},"3":{"start":{"line":13,"column":14},"end":{"line":13,"column":16}},"4":{"start":{"line":14,"column":2},"end":{"line":14,"column":null}},"5":{"start":{"line":15,"column":2},"end":{"line":15,"column":null}}},"fnMap":{"0":{"name":"(anonymous_0)","decl":{"start":{"line":11,"column":46},"end":{"line":11,"column":47}},"loc":{"start":{"line":11,"column":66},"end":{"line":16,"column":1}}}},"branchMap":{"0":{"loc":{"start":{"line":14,"column":22},"end":{"line":14,"column":32}},"type":"binary-expr","locations":[{"start":{"line":14,"column":22},"end":{"line":14,"column":26}},{"start":{"line":14,"column":30},"end":{"line":14,"column":32}}]}},"s":{"0":1,"1":1,"2":0,"3":0,"4":0,"5":0},"f":{"0":0},"b":{"0":[0,0]}}
,"src/parts/GetKeyBindingsTableColGroupVirtualDom/GetKeyBindingsTableColGroupVirtualDom.ts": {"path":"src/parts/GetKeyBindingsTableColGroupVirtualDom/GetKeyBindingsTableColGroupVirtualDom.ts","statementMap":{"0":{"start":{"line":4,"column":53},"end":{"line":37,"column":1}},"1":{"start":{"line":5,"column":19},"end":{"line":35,"column":null}},"2":{"start":{"line":36,"column":2},"end":{"line":36,"column":null}}},"fnMap":{"0":{"name":"(anonymous_0)","decl":{"start":{"line":4,"column":53},"end":{"line":4,"column":54}},"loc":{"start":{"line":4,"column":122},"end":{"line":37,"column":1}}}},"branchMap":{},"s":{"0":1,"1":0,"2":0},"f":{"0":0},"b":{}}
,"src/parts/GetKeyBindingsTableHeadVirtualDom/GetKeyBindingsTableHeadVirtualDom.ts": {"path":"src/parts/GetKeyBindingsTableHeadVirtualDom/GetKeyBindingsTableHeadVirtualDom.ts","statementMap":{"0":{"start":{"line":6,"column":18},"end":{"line":10,"column":null}},"1":{"start":{"line":12,"column":21},"end":{"line":17,"column":null}},"2":{"start":{"line":19,"column":21},"end":{"line":23,"column":null}},"3":{"start":{"line":25,"column":27},"end":{"line":36,"column":null}},"4":{"start":{"line":38,"column":49},"end":{"line":40,"column":1}},"5":{"start":{"line":39,"column":2},"end":{"line":39,"column":null}}},"fnMap":{"0":{"name":"(anonymous_0)","decl":{"start":{"line":38,"column":49},"end":{"line":38,"column":52}},"loc":{"start":{"line":38,"column":54},"end":{"line":40,"column":1}}}},"branchMap":{},"s":{"0":1,"1":1,"2":1,"3":1,"4":1,"5":0},"f":{"0":0},"b":{}}
,"src/parts/GetKeyBindingsTableVirtualDom/GetKeyBindingsTableVirtualDom.ts": {"path":"src/parts/GetKeyBindingsTableVirtualDom/GetKeyBindingsTableVirtualDom.ts","statementMap":{"0":{"start":{"line":9,"column":27},"end":{"line":26,"column":1}},"1":{"start":{"line":10,"column":19},"end":{"line":24,"column":null}},"2":{"start":{"line":25,"column":2},"end":{"line":25,"column":null}}},"fnMap":{"0":{"name":"(anonymous_0)","decl":{"start":{"line":9,"column":27},"end":{"line":9,"column":28}},"loc":{"start":{"line":9,"column":147},"end":{"line":26,"column":1}}}},"branchMap":{},"s":{"0":1,"1":0,"2":0},"f":{"0":0},"b":{}}
,"src/parts/GetKeyBindingsTableWrapperVirtualDom/GetKeyBindingsTableWrapperVirtualDom.ts": {"path":"src/parts/GetKeyBindingsTableWrapperVirtualDom/GetKeyBindingsTableWrapperVirtualDom.ts","statementMap":{"0":{"start":{"line":7,"column":52},"end":{"line":36,"column":1}},"1":{"start":{"line":16,"column":2},"end":{"line":35,"column":null}}},"fnMap":{"0":{"name":"(anonymous_0)","decl":{"start":{"line":7,"column":52},"end":{"line":7,"column":null}},"loc":{"start":{"line":15,"column":4},"end":{"line":36,"column":1}}}},"branchMap":{},"s":{"0":1,"1":0},"f":{"0":0},"b":{}}
,"src/parts/GetKeyBindingsVirtualDom/GetKeyBindingsVirtualDom.ts": {"path":"src/parts/GetKeyBindingsVirtualDom/GetKeyBindingsVirtualDom.ts","statementMap":{"0":{"start":{"line":8,"column":40},"end":{"line":36,"column":1}},"1":{"start":{"line":17,"column":2},"end":{"line":35,"column":null}}},"fnMap":{"0":{"name":"(anonymous_0)","decl":{"start":{"line":8,"column":40},"end":{"line":8,"column":null}},"loc":{"start":{"line":16,"column":4},"end":{"line":36,"column":1}}}},"branchMap":{},"s":{"0":1,"1":0},"f":{"0":0},"b":{}}
,"src/parts/GetKeyCodeString/GetKeyCodeString.ts": {"path":"src/parts/GetKeyCodeString/GetKeyCodeString.ts","statementMap":{"0":{"start":{"line":4,"column":32},"end":{"line":137,"column":1}},"1":{"start":{"line":5,"column":2},"end":{"line":136,"column":3}},"2":{"start":{"line":7,"column":6},"end":{"line":7,"column":null}},"3":{"start":{"line":9,"column":6},"end":{"line":9,"column":null}},"4":{"start":{"line":11,"column":6},"end":{"line":11,"column":null}},"5":{"start":{"line":13,"column":6},"end":{"line":13,"column":null}},"6":{"start":{"line":15,"column":6},"end":{"line":15,"column":null}},"7":{"start":{"line":17,"column":6},"end":{"line":17,"column":null}},"8":{"start":{"line":19,"column":6},"end":{"line":19,"column":null}},"9":{"start":{"line":21,"column":6},"end":{"line":21,"column":null}},"10":{"start":{"line":23,"column":6},"end":{"line":23,"column":null}},"11":{"start":{"line":25,"column":6},"end":{"line":25,"column":null}},"12":{"start":{"line":27,"column":6},"end":{"line":27,"column":null}},"13":{"start":{"line":29,"column":6},"end":{"line":29,"column":null}},"14":{"start":{"line":31,"column":6},"end":{"line":31,"column":null}},"15":{"start":{"line":33,"column":6},"end":{"line":33,"column":null}},"16":{"start":{"line":35,"column":6},"end":{"line":35,"column":null}},"17":{"start":{"line":37,"column":6},"end":{"line":37,"column":null}},"18":{"start":{"line":39,"column":6},"end":{"line":39,"column":null}},"19":{"start":{"line":41,"column":6},"end":{"line":41,"column":null}},"20":{"start":{"line":43,"column":6},"end":{"line":43,"column":null}},"21":{"start":{"line":45,"column":6},"end":{"line":45,"column":null}},"22":{"start":{"line":47,"column":6},"end":{"line":47,"column":null}},"23":{"start":{"line":49,"column":6},"end":{"line":49,"column":null}},"24":{"start":{"line":51,"column":6},"end":{"line":51,"column":null}},"25":{"start":{"line":53,"column":6},"end":{"line":53,"column":null}},"26":{"start":{"line":55,"column":6},"end":{"line":55,"column":null}},"27":{"start":{"line":57,"column":6},"end":{"line":57,"column":null}},"28":{"start":{"line":59,"column":6},"end":{"line":59,"column":null}},"29":{"start":{"line":61,"column":6},"end":{"line":61,"column":null}},"30":{"start":{"line":63,"column":6},"end":{"line":63,"column":null}},"31":{"start":{"line":65,"column":6},"end":{"line":65,"column":null}},"32":{"start":{"line":67,"column":6},"end":{"line":67,"column":null}},"33":{"start":{"line":69,"column":6},"end":{"line":69,"column":null}},"34":{"start":{"line":71,"column":6},"end":{"line":71,"column":null}},"35":{"start":{"line":73,"column":6},"end":{"line":73,"column":null}},"36":{"start":{"line":75,"column":6},"end":{"line":75,"column":null}},"37":{"start":{"line":77,"column":6},"end":{"line":77,"column":null}},"38":{"start":{"line":79,"column":6},"end":{"line":79,"column":null}},"39":{"start":{"line":81,"column":6},"end":{"line":81,"column":null}},"40":{"start":{"line":83,"column":6},"end":{"line":83,"column":null}},"41":{"start":{"line":85,"column":6},"end":{"line":85,"column":null}},"42":{"start":{"line":87,"column":6},"end":{"line":87,"column":null}},"43":{"start":{"line":89,"column":6},"end":{"line":89,"column":null}},"44":{"start":{"line":91,"column":6},"end":{"line":91,"column":null}},"45":{"start":{"line":93,"column":6},"end":{"line":93,"column":null}},"46":{"start":{"line":95,"column":6},"end":{"line":95,"column":null}},"47":{"start":{"line":97,"column":6},"end":{"line":97,"column":null}},"48":{"start":{"line":99,"column":6},"end":{"line":99,"column":null}},"49":{"start":{"line":101,"column":6},"end":{"line":101,"column":null}},"50":{"start":{"line":103,"column":6},"end":{"line":103,"column":null}},"51":{"start":{"line":105,"column":6},"end":{"line":105,"column":null}},"52":{"start":{"line":107,"column":6},"end":{"line":107,"column":null}},"53":{"start":{"line":109,"column":6},"end":{"line":109,"column":null}},"54":{"start":{"line":111,"column":6},"end":{"line":111,"column":null}},"55":{"start":{"line":113,"column":6},"end":{"line":113,"column":null}},"56":{"start":{"line":115,"column":6},"end":{"line":115,"column":null}},"57":{"start":{"line":117,"column":6},"end":{"line":117,"column":null}},"58":{"start":{"line":119,"column":6},"end":{"line":119,"column":null}},"59":{"start":{"line":121,"column":6},"end":{"line":121,"column":null}},"60":{"start":{"line":123,"column":6},"end":{"line":123,"column":null}},"61":{"start":{"line":125,"column":6},"end":{"line":125,"column":null}},"62":{"start":{"line":127,"column":6},"end":{"line":127,"column":null}},"63":{"start":{"line":129,"column":6},"end":{"line":129,"column":null}},"64":{"start":{"line":131,"column":6},"end":{"line":131,"column":null}},"65":{"start":{"line":133,"column":6},"end":{"line":133,"column":null}},"66":{"start":{"line":135,"column":6},"end":{"line":135,"column":null}}},"fnMap":{"0":{"name":"(anonymous_0)","decl":{"start":{"line":4,"column":32},"end":{"line":4,"column":33}},"loc":{"start":{"line":4,"column":60},"end":{"line":137,"column":1}}}},"branchMap":{"0":{"loc":{"start":{"line":5,"column":2},"end":{"line":136,"column":3}},"type":"switch","locations":[{"start":{"line":6,"column":4},"end":{"line":7,"column":null}},{"start":{"line":8,"column":4},"end":{"line":9,"column":null}},{"start":{"line":10,"column":4},"end":{"line":11,"column":null}},{"start":{"line":12,"column":4},"end":{"line":13,"column":null}},{"start":{"line":14,"column":4},"end":{"line":15,"column":null}},{"start":{"line":16,"column":4},"end":{"line":17,"column":null}},{"start":{"line":18,"column":4},"end":{"line":19,"column":null}},{"start":{"line":20,"column":4},"end":{"line":21,"column":null}},{"start":{"line":22,"column":4},"end":{"line":23,"column":null}},{"start":{"line":24,"column":4},"end":{"line":25,"column":null}},{"start":{"line":26,"column":4},"end":{"line":27,"column":null}},{"start":{"line":28,"column":4},"end":{"line":29,"column":null}},{"start":{"line":30,"column":4},"end":{"line":31,"column":null}},{"start":{"line":32,"column":4},"end":{"line":33,"column":null}},{"start":{"line":34,"column":4},"end":{"line":35,"column":null}},{"start":{"line":36,"column":4},"end":{"line":37,"column":null}},{"start":{"line":38,"column":4},"end":{"line":39,"column":null}},{"start":{"line":40,"column":4},"end":{"line":41,"column":null}},{"start":{"line":42,"column":4},"end":{"line":43,"column":null}},{"start":{"line":44,"column":4},"end":{"line":45,"column":null}},{"start":{"line":46,"column":4},"end":{"line":47,"column":null}},{"start":{"line":48,"column":4},"end":{"line":49,"column":null}},{"start":{"line":50,"column":4},"end":{"line":51,"column":null}},{"start":{"line":52,"column":4},"end":{"line":53,"column":null}},{"start":{"line":54,"column":4},"end":{"line":55,"column":null}},{"start":{"line":56,"column":4},"end":{"line":57,"column":null}},{"start":{"line":58,"column":4},"end":{"line":59,"column":null}},{"start":{"line":60,"column":4},"end":{"line":61,"column":null}},{"start":{"line":62,"column":4},"end":{"line":63,"column":null}},{"start":{"line":64,"column":4},"end":{"line":65,"column":null}},{"start":{"line":66,"column":4},"end":{"line":67,"column":null}},{"start":{"line":68,"column":4},"end":{"line":69,"column":null}},{"start":{"line":70,"column":4},"end":{"line":71,"column":null}},{"start":{"line":72,"column":4},"end":{"line":73,"column":null}},{"start":{"line":74,"column":4},"end":{"line":75,"column":null}},{"start":{"line":76,"column":4},"end":{"line":77,"column":null}},{"start":{"line":78,"column":4},"end":{"line":79,"column":null}},{"start":{"line":80,"column":4},"end":{"line":81,"column":null}},{"start":{"line":82,"column":4},"end":{"line":83,"column":null}},{"start":{"line":84,"column":4},"end":{"line":85,"column":null}},{"start":{"line":86,"column":4},"end":{"line":87,"column":null}},{"start":{"line":88,"column":4},"end":{"line":89,"column":null}},{"start":{"line":90,"column":4},"end":{"line":91,"column":null}},{"start":{"line":92,"column":4},"end":{"line":93,"column":null}},{"start":{"line":94,"column":4},"end":{"line":95,"column":null}},{"start":{"line":96,"column":4},"end":{"line":97,"column":null}},{"start":{"line":98,"column":4},"end":{"line":99,"column":null}},{"start":{"line":100,"column":4},"end":{"line":101,"column":null}},{"start":{"line":102,"column":4},"end":{"line":103,"column":null}},{"start":{"line":104,"column":4},"end":{"line":105,"column":null}},{"start":{"line":106,"column":4},"end":{"line":107,"column":null}},{"start":{"line":108,"column":4},"end":{"line":109,"column":null}},{"start":{"line":110,"column":4},"end":{"line":111,"column":null}},{"start":{"line":112,"column":4},"end":{"line":113,"column":null}},{"start":{"line":114,"column":4},"end":{"line":115,"column":null}},{"start":{"line":116,"column":4},"end":{"line":117,"column":null}},{"start":{"line":118,"column":4},"end":{"line":119,"column":null}},{"start":{"line":120,"column":4},"end":{"line":121,"column":null}},{"start":{"line":122,"column":4},"end":{"line":123,"column":null}},{"start":{"line":124,"column":4},"end":{"line":125,"column":null}},{"start":{"line":126,"column":4},"end":{"line":127,"column":null}},{"start":{"line":128,"column":4},"end":{"line":129,"column":null}},{"start":{"line":130,"column":4},"end":{"line":131,"column":null}},{"start":{"line":132,"column":4},"end":{"line":133,"column":null}},{"start":{"line":134,"column":4},"end":{"line":135,"column":null}}]}},"s":{"0":3,"1":65,"2":1,"3":1,"4":1,"5":2,"6":1,"7":1,"8":1,"9":1,"10":1,"11":1,"12":1,"13":1,"14":1,"15":1,"16":1,"17":1,"18":1,"19":1,"20":1,"21":1,"22":1,"23":1,"24":1,"25":1,"26":1,"27":1,"28":1,"29":1,"30":1,"31":1,"32":1,"33":1,"34":1,"35":1,"36":1,"37":1,"38":1,"39":1,"40":1,"41":1,"42":1,"43":1,"44":1,"45":1,"46":1,"47":1,"48":1,"49":1,"50":1,"51":1,"52":1,"53":1,"54":1,"55":1,"56":1,"57":1,"58":1,"59":1,"60":1,"61":1,"62":1,"63":1,"64":1,"65":1,"66":0},"f":{"0":65},"b":{"0":[1,1,1,2,1,1,1,1,1,1,1,1,1,1,1,1,1,1,1,1,1,1,1,1,1,1,1,1,1,1,1,1,1,1,1,1,1,1,1,1,1,1,1,1,1,1,1,1,1,1,1,1,1,1,1,1,1,1,1,1,1,1,1,1,0]}}
,"src/parts/GetScrollBarVirtualDom/GetScrollBarVirtualDom.ts": {"path":"src/parts/GetScrollBarVirtualDom/GetScrollBarVirtualDom.ts","statementMap":{"0":{"start":{"line":5,"column":38},"end":{"line":20,"column":1}},"1":{"start":{"line":6,"column":2},"end":{"line":19,"column":null}}},"fnMap":{"0":{"name":"(anonymous_0)","decl":{"start":{"line":5,"column":38},"end":{"line":5,"column":39}},"loc":{"start":{"line":5,"column":98},"end":{"line":20,"column":1}}}},"branchMap":{},"s":{"0":1,"1":0},"f":{"0":0},"b":{}}
,"src/parts/GetVisibleKeyBindings/GetVisibleKeyBindings.ts": {"path":"src/parts/GetVisibleKeyBindings/GetVisibleKeyBindings.ts","statementMap":{"0":{"start":{"line":3,"column":37},"end":{"line":23,"column":1}},"1":{"start":{"line":4,"column":29},"end":{"line":4,"column":31}},"2":{"start":{"line":5,"column":28},"end":{"line":5,"column":73}},"3":{"start":{"line":6,"column":32},"end":{"line":6,"column":56}},"4":{"start":{"line":7,"column":2},"end":{"line":21,"column":3}},"5":{"start":{"line":7,"column":15},"end":{"line":7,"column":16}},"6":{"start":{"line":8,"column":29},"end":{"line":8,"column":49}},"7":{"start":{"line":9,"column":80},"end":{"line":9,"column":96}},"8":{"start":{"line":10,"column":4},"end":{"line":20,"column":null}},"9":{"start":{"line":22,"column":2},"end":{"line":22,"column":null}}},"fnMap":{"0":{"name":"(anonymous_0)","decl":{"start":{"line":3,"column":37},"end":{"line":3,"column":38}},"loc":{"start":{"line":3,"column":125},"end":{"line":23,"column":1}}}},"branchMap":{},"s":{"0":1,"1":0,"2":0,"3":0,"4":0,"5":0,"6":0,"7":0,"8":0,"9":0},"f":{"0":0},"b":{}}
,"src/parts/GetWhenExpressionText/GetWhenExpressionText.ts": {"path":"src/parts/GetWhenExpressionText/GetWhenExpressionText.ts","statementMap":{"0":{"start":{"line":1,"column":12},"end":{"line":41,"column":null}},"1":{"start":{"line":43,"column":37},"end":{"line":45,"column":1}},"2":{"start":{"line":44,"column":2},"end":{"line":44,"column":null}}},"fnMap":{"0":{"name":"(anonymous_0)","decl":{"start":{"line":43,"column":37},"end":{"line":43,"column":38}},"loc":{"start":{"line":43,"column":64},"end":{"line":45,"column":1}}}},"branchMap":{"0":{"loc":{"start":{"line":44,"column":9},"end":{"line":44,"column":37}},"type":"binary-expr","locations":[{"start":{"line":44,"column":9},"end":{"line":44,"column":28}},{"start":{"line":44,"column":32},"end":{"line":44,"column":37}}]}},"s":{"0":1,"1":1,"2":0},"f":{"0":0},"b":{"0":[0,0]}}
,"src/parts/HandleResizerMove/HandleResizerMove.ts": {"path":"src/parts/HandleResizerMove/HandleResizerMove.ts","statementMap":{"0":{"start":{"line":3,"column":33},"end":{"line":22,"column":1}},"1":{"start":{"line":4,"column":82},"end":{"line":4,"column":87}},"2":{"start":{"line":5,"column":23},"end":{"line":5,"column":45}},"3":{"start":{"line":6,"column":2},"end":{"line":14,"column":3}},"4":{"start":{"line":7,"column":28},"end":{"line":7,"column":55}},"5":{"start":{"line":8,"column":28},"end":{"line":8,"column":73}},"6":{"start":{"line":9,"column":4},"end":{"line":13,"column":null}},"7":{"start":{"line":15,"column":26},"end":{"line":15,"column":70}},"8":{"start":{"line":16,"column":26},"end":{"line":16,"column":71}},"9":{"start":{"line":17,"column":2},"end":{"line":21,"column":null}}},"fnMap":{"0":{"name":"(anonymous_0)","decl":{"start":{"line":3,"column":33},"end":{"line":3,"column":34}},"loc":{"start":{"line":3,"column":95},"end":{"line":22,"column":1}}}},"branchMap":{"0":{"loc":{"start":{"line":6,"column":2},"end":{"line":14,"column":3}},"type":"if","locations":[{"start":{"line":6,"column":2},"end":{"line":14,"column":3}}]}},"s":{"0":1,"1":0,"2":0,"3":0,"4":0,"5":0,"6":0,"7":0,"8":0,"9":0},"f":{"0":0},"b":{"0":[0]}}
,"src/parts/HtmlInputType/HtmlInputType.ts": {"path":"src/parts/HtmlInputType/HtmlInputType.ts","statementMap":{"0":{"start":{"line":1,"column":22},"end":{"line":1,"column":30}}},"fnMap":{},"branchMap":{},"s":{"0":1},"f":{},"b":{}}
,"src/parts/I18NString/I18NString.ts": {"path":"src/parts/I18NString/I18NString.ts","statementMap":{"0":{"start":{"line":1,"column":20},"end":{"line":1,"column":22}},"1":{"start":{"line":3,"column":23},"end":{"line":3,"column":37}},"2":{"start":{"line":5,"column":26},"end":{"line":14,"column":1}},"3":{"start":{"line":6,"column":2},"end":{"line":8,"column":3}},"4":{"start":{"line":7,"column":4},"end":{"line":7,"column":null}},"5":{"start":{"line":9,"column":19},"end":{"line":12,"column":3}},"6":{"start":{"line":11,"column":4},"end":{"line":11,"column":null}},"7":{"start":{"line":13,"column":2},"end":{"line":13,"column":null}}},"fnMap":{"0":{"name":"(anonymous_0)","decl":{"start":{"line":5,"column":26},"end":{"line":5,"column":27}},"loc":{"start":{"line":5,"column":78},"end":{"line":14,"column":1}}},"1":{"name":"(anonymous_1)","decl":{"start":{"line":9,"column":19},"end":{"line":9,"column":20}},"loc":{"start":{"line":9,"column":45},"end":{"line":12,"column":3}}}},"branchMap":{"0":{"loc":{"start":{"line":5,"column":40},"end":{"line":5,"column":66}},"type":"default-arg","locations":[{"start":{"line":5,"column":55},"end":{"line":5,"column":66}}]},"1":{"loc":{"start":{"line":6,"column":2},"end":{"line":8,"column":3}},"type":"if","locations":[{"start":{"line":6,"column":2},"end":{"line":8,"column":3}}]}},"s":{"0":3,"1":3,"2":3,"3":22,"4":20,"5":2,"6":3,"7":2},"f":{"0":22,"1":3},"b":{"0":[20],"1":[20]}}
,"src/parts/Icon/Icon.ts": {"path":"src/parts/Icon/Icon.ts","statementMap":{"0":{"start":{"line":1,"column":20},"end":{"line":1,"column":26}}},"fnMap":{},"branchMap":{},"s":{"0":1},"f":{},"b":{}}
,"src/parts/InputName/InputName.ts": {"path":"src/parts/InputName/InputName.ts","statementMap":{"0":{"start":{"line":1,"column":33},"end":{"line":1,"column":53}}},"fnMap":{},"branchMap":{},"s":{"0":1},"f":{},"b":{}}
,"src/parts/KeyBindingStrings/KeyBindingStrings.ts": {"path":"src/parts/KeyBindingStrings/KeyBindingStrings.ts","statementMap":{"0":{"start":{"line":6,"column":18},"end":{"line":24,"column":null}},"1":{"start":{"line":26,"column":27},"end":{"line":28,"column":1}},"2":{"start":{"line":27,"column":2},"end":{"line":27,"column":null}},"3":{"start":{"line":30,"column":23},"end":{"line":32,"column":1}},"4":{"start":{"line":31,"column":2},"end":{"line":31,"column":null}},"5":{"start":{"line":34,"column":20},"end":{"line":36,"column":1}},"6":{"start":{"line":35,"column":2},"end":{"line":35,"column":null}},"7":{"start":{"line":38,"column":19},"end":{"line":40,"column":1}},"8":{"start":{"line":39,"column":2},"end":{"line":39,"column":null}},"9":{"start":{"line":42,"column":39},"end":{"line":44,"column":1}},"10":{"start":{"line":43,"column":2},"end":{"line":43,"column":null}},"11":{"start":{"line":46,"column":56},"end":{"line":48,"column":1}},"12":{"start":{"line":47,"column":2},"end":{"line":47,"column":null}},"13":{"start":{"line":50,"column":42},"end":{"line":52,"column":1}},"14":{"start":{"line":51,"column":2},"end":{"line":51,"column":null}},"15":{"start":{"line":54,"column":20},"end":{"line":56,"column":1}},"16":{"start":{"line":55,"column":2},"end":{"line":55,"column":null}},"17":{"start":{"line":58,"column":29},"end":{"line":60,"column":1}},"18":{"start":{"line":59,"column":2},"end":{"line":59,"column":null}},"19":{"start":{"line":62,"column":32},"end":{"line":64,"column":1}},"20":{"start":{"line":63,"column":2},"end":{"line":63,"column":null}},"21":{"start":{"line":66,"column":32},"end":{"line":68,"column":1}},"22":{"start":{"line":67,"column":2},"end":{"line":67,"column":null}},"23":{"start":{"line":70,"column":29},"end":{"line":72,"column":1}},"24":{"start":{"line":71,"column":2},"end":{"line":71,"column":null}},"25":{"start":{"line":74,"column":32},"end":{"line":76,"column":1}},"26":{"start":{"line":75,"column":2},"end":{"line":75,"column":null}},"27":{"start":{"line":78,"column":31},"end":{"line":80,"column":1}},"28":{"start":{"line":79,"column":2},"end":{"line":79,"column":null}},"29":{"start":{"line":82,"column":36},"end":{"line":84,"column":1}},"30":{"start":{"line":83,"column":2},"end":{"line":83,"column":null}},"31":{"start":{"line":86,"column":35},"end":{"line":88,"column":1}},"32":{"start":{"line":87,"column":2},"end":{"line":87,"column":null}}},"fnMap":{"0":{"name":"(anonymous_0)","decl":{"start":{"line":26,"column":27},"end":{"line":26,"column":30}},"loc":{"start":{"line":26,"column":32},"end":{"line":28,"column":1}}},"1":{"name":"(anonymous_1)","decl":{"start":{"line":30,"column":23},"end":{"line":30,"column":26}},"loc":{"start":{"line":30,"column":28},"end":{"line":32,"column":1}}},"2":{"name":"(anonymous_2)","decl":{"start":{"line":34,"column":20},"end":{"line":34,"column":23}},"loc":{"start":{"line":34,"column":25},"end":{"line":36,"column":1}}},"3":{"name":"(anonymous_3)","decl":{"start":{"line":38,"column":19},"end":{"line":38,"column":22}},"loc":{"start":{"line":38,"column":24},"end":{"line":40,"column":1}}},"4":{"name":"(anonymous_4)","decl":{"start":{"line":42,"column":39},"end":{"line":42,"column":42}},"loc":{"start":{"line":42,"column":44},"end":{"line":44,"column":1}}},"5":{"name":"(anonymous_5)","decl":{"start":{"line":46,"column":56},"end":{"line":46,"column":59}},"loc":{"start":{"line":46,"column":61},"end":{"line":48,"column":1}}},"6":{"name":"(anonymous_6)","decl":{"start":{"line":50,"column":42},"end":{"line":50,"column":45}},"loc":{"start":{"line":50,"column":47},"end":{"line":52,"column":1}}},"7":{"name":"(anonymous_7)","decl":{"start":{"line":54,"column":20},"end":{"line":54,"column":23}},"loc":{"start":{"line":54,"column":25},"end":{"line":56,"column":1}}},"8":{"name":"(anonymous_8)","decl":{"start":{"line":58,"column":29},"end":{"line":58,"column":32}},"loc":{"start":{"line":58,"column":34},"end":{"line":60,"column":1}}},"9":{"name":"(anonymous_9)","decl":{"start":{"line":62,"column":32},"end":{"line":62,"column":35}},"loc":{"start":{"line":62,"column":37},"end":{"line":64,"column":1}}},"10":{"name":"(anonymous_10)","decl":{"start":{"line":66,"column":32},"end":{"line":66,"column":35}},"loc":{"start":{"line":66,"column":37},"end":{"line":68,"column":1}}},"11":{"name":"(anonymous_11)","decl":{"start":{"line":70,"column":29},"end":{"line":70,"column":32}},"loc":{"start":{"line":70,"column":34},"end":{"line":72,"column":1}}},"12":{"name":"(anonymous_12)","decl":{"start":{"line":74,"column":32},"end":{"line":74,"column":35}},"loc":{"start":{"line":74,"column":37},"end":{"line":76,"column":1}}},"13":{"name":"(anonymous_13)","decl":{"start":{"line":78,"column":31},"end":{"line":78,"column":34}},"loc":{"start":{"line":78,"column":36},"end":{"line":80,"column":1}}},"14":{"name":"(anonymous_14)","decl":{"start":{"line":82,"column":36},"end":{"line":82,"column":39}},"loc":{"start":{"line":82,"column":41},"end":{"line":84,"column":1}}},"15":{"name":"(anonymous_15)","decl":{"start":{"line":86,"column":35},"end":{"line":86,"column":38}},"loc":{"start":{"line":86,"column":40},"end":{"line":88,"column":1}}}},"branchMap":{},"s":{"0":2,"1":2,"2":1,"3":2,"4":2,"5":2,"6":2,"7":2,"8":2,"9":2,"10":1,"11":2,"12":1,"13":2,"14":1,"15":2,"16":1,"17":2,"18":1,"19":2,"20":1,"21":2,"22":1,"23":2,"24":1,"25":2,"26":1,"27":2,"28":1,"29":2,"30":1,"31":2,"32":1},"f":{"0":1,"1":2,"2":2,"3":2,"4":1,"5":1,"6":1,"7":1,"8":1,"9":1,"10":1,"11":1,"12":1,"13":1,"14":1,"15":1},"b":{}}
,"src/parts/KeyCode/KeyCode.ts": {"path":"src/parts/KeyCode/KeyCode.ts","statementMap":{"0":{"start":{"line":1,"column":23},"end":{"line":1,"column":24}},"1":{"start":{"line":2,"column":25},"end":{"line":2,"column":26}},"2":{"start":{"line":3,"column":19},"end":{"line":3,"column":20}},"3":{"start":{"line":4,"column":21},"end":{"line":4,"column":22}},"4":{"start":{"line":5,"column":20},"end":{"line":5,"column":21}},"5":{"start":{"line":6,"column":19},"end":{"line":6,"column":20}},"6":{"start":{"line":7,"column":26},"end":{"line":7,"column":27}},"7":{"start":{"line":8,"column":24},"end":{"line":8,"column":25}},"8":{"start":{"line":9,"column":22},"end":{"line":9,"column":23}},"9":{"start":{"line":10,"column":21},"end":{"line":10,"column":22}},"10":{"start":{"line":11,"column":22},"end":{"line":11,"column":24}},"11":{"start":{"line":12,"column":24},"end":{"line":12,"column":26}},"12":{"start":{"line":13,"column":19},"end":{"line":13,"column":22}},"13":{"start":{"line":14,"column":20},"end":{"line":14,"column":22}},"14":{"start":{"line":15,"column":25},"end":{"line":15,"column":27}},"15":{"start":{"line":16,"column":23},"end":{"line":16,"column":25}},"16":{"start":{"line":17,"column":26},"end":{"line":17,"column":28}},"17":{"start":{"line":18,"column":25},"end":{"line":18,"column":27}},"18":{"start":{"line":19,"column":22},"end":{"line":19,"column":24}},"19":{"start":{"line":20,"column":22},"end":{"line":20,"column":24}},"20":{"start":{"line":22,"column":22},"end":{"line":22,"column":24}},"21":{"start":{"line":23,"column":22},"end":{"line":23,"column":24}},"22":{"start":{"line":24,"column":22},"end":{"line":24,"column":24}},"23":{"start":{"line":25,"column":22},"end":{"line":25,"column":24}},"24":{"start":{"line":26,"column":22},"end":{"line":26,"column":24}},"25":{"start":{"line":27,"column":22},"end":{"line":27,"column":24}},"26":{"start":{"line":28,"column":22},"end":{"line":28,"column":24}},"27":{"start":{"line":29,"column":22},"end":{"line":29,"column":24}},"28":{"start":{"line":30,"column":22},"end":{"line":30,"column":24}},"29":{"start":{"line":31,"column":22},"end":{"line":31,"column":24}},"30":{"start":{"line":33,"column":20},"end":{"line":33,"column":22}},"31":{"start":{"line":34,"column":20},"end":{"line":34,"column":22}},"32":{"start":{"line":35,"column":20},"end":{"line":35,"column":22}},"33":{"start":{"line":36,"column":20},"end":{"line":36,"column":22}},"34":{"start":{"line":37,"column":20},"end":{"line":37,"column":22}},"35":{"start":{"line":38,"column":20},"end":{"line":38,"column":22}},"36":{"start":{"line":39,"column":20},"end":{"line":39,"column":22}},"37":{"start":{"line":40,"column":20},"end":{"line":40,"column":22}},"38":{"start":{"line":41,"column":20},"end":{"line":41,"column":22}},"39":{"start":{"line":42,"column":20},"end":{"line":42,"column":22}},"40":{"start":{"line":43,"column":20},"end":{"line":43,"column":22}},"41":{"start":{"line":44,"column":20},"end":{"line":44,"column":22}},"42":{"start":{"line":45,"column":20},"end":{"line":45,"column":22}},"43":{"start":{"line":46,"column":20},"end":{"line":46,"column":22}},"44":{"start":{"line":47,"column":20},"end":{"line":47,"column":22}},"45":{"start":{"line":48,"column":20},"end":{"line":48,"column":22}},"46":{"start":{"line":49,"column":20},"end":{"line":49,"column":22}},"47":{"start":{"line":50,"column":20},"end":{"line":50,"column":22}},"48":{"start":{"line":51,"column":20},"end":{"line":51,"column":22}},"49":{"start":{"line":52,"column":20},"end":{"line":52,"column":22}},"50":{"start":{"line":53,"column":20},"end":{"line":53,"column":22}},"51":{"start":{"line":54,"column":20},"end":{"line":54,"column":22}},"52":{"start":{"line":55,"column":20},"end":{"line":55,"column":22}},"53":{"start":{"line":56,"column":20},"end":{"line":56,"column":22}},"54":{"start":{"line":57,"column":20},"end":{"line":57,"column":22}},"55":{"start":{"line":58,"column":20},"end":{"line":58,"column":22}},"56":{"start":{"line":60,"column":20},"end":{"line":60,"column":22}},"57":{"start":{"line":61,"column":27},"end":{"line":61,"column":29}},"58":{"start":{"line":63,"column":18},"end":{"line":63,"column":20}},"59":{"start":{"line":64,"column":18},"end":{"line":64,"column":20}},"60":{"start":{"line":65,"column":18},"end":{"line":65,"column":20}},"61":{"start":{"line":66,"column":18},"end":{"line":66,"column":20}},"62":{"start":{"line":67,"column":18},"end":{"line":67,"column":20}},"63":{"start":{"line":68,"column":18},"end":{"line":68,"column":20}},"64":{"start":{"line":69,"column":18},"end":{"line":69,"column":20}},"65":{"start":{"line":70,"column":18},"end":{"line":70,"column":20}},"66":{"start":{"line":71,"column":18},"end":{"line":71,"column":20}},"67":{"start":{"line":72,"column":19},"end":{"line":72,"column":21}},"68":{"start":{"line":73,"column":19},"end":{"line":73,"column":21}},"69":{"start":{"line":74,"column":19},"end":{"line":74,"column":21}},"70":{"start":{"line":75,"column":19},"end":{"line":75,"column":21}},"71":{"start":{"line":76,"column":19},"end":{"line":76,"column":21}},"72":{"start":{"line":77,"column":19},"end":{"line":77,"column":21}},"73":{"start":{"line":78,"column":19},"end":{"line":78,"column":21}},"74":{"start":{"line":79,"column":19},"end":{"line":79,"column":21}},"75":{"start":{"line":80,"column":19},"end":{"line":80,"column":21}},"76":{"start":{"line":81,"column":19},"end":{"line":81,"column":21}},"77":{"start":{"line":82,"column":19},"end":{"line":82,"column":21}},"78":{"start":{"line":83,"column":19},"end":{"line":83,"column":21}},"79":{"start":{"line":84,"column":19},"end":{"line":84,"column":21}},"80":{"start":{"line":85,"column":19},"end":{"line":85,"column":21}},"81":{"start":{"line":86,"column":19},"end":{"line":86,"column":21}},"82":{"start":{"line":88,"column":23},"end":{"line":88,"column":25}},"83":{"start":{"line":89,"column":26},"end":{"line":89,"column":28}},"84":{"start":{"line":91,"column":25},"end":{"line":91,"column":27}},"85":{"start":{"line":92,"column":21},"end":{"line":92,"column":23}},"86":{"start":{"line":93,"column":21},"end":{"line":93,"column":23}},"87":{"start":{"line":94,"column":21},"end":{"line":94,"column":23}},"88":{"start":{"line":95,"column":22},"end":{"line":95,"column":24}},"89":{"start":{"line":96,"column":21},"end":{"line":96,"column":23}},"90":{"start":{"line":97,"column":25},"end":{"line":97,"column":27}},"91":{"start":{"line":98,"column":27},"end":{"line":98,"column":29}},"92":{"start":{"line":99,"column":25},"end":{"line":99,"column":27}},"93":{"start":{"line":100,"column":28},"end":{"line":100,"column":30}},"94":{"start":{"line":101,"column":21},"end":{"line":101,"column":23}},"95":{"start":{"line":102,"column":21},"end":{"line":102,"column":23}},"96":{"start":{"line":103,"column":29},"end":{"line":103,"column":31}},"97":{"start":{"line":105,"column":23},"end":{"line":105,"column":25}},"98":{"start":{"line":106,"column":23},"end":{"line":106,"column":25}},"99":{"start":{"line":107,"column":23},"end":{"line":107,"column":25}},"100":{"start":{"line":108,"column":23},"end":{"line":108,"column":25}},"101":{"start":{"line":109,"column":23},"end":{"line":109,"column":26}},"102":{"start":{"line":110,"column":23},"end":{"line":110,"column":26}},"103":{"start":{"line":111,"column":23},"end":{"line":111,"column":26}},"104":{"start":{"line":112,"column":23},"end":{"line":112,"column":26}},"105":{"start":{"line":113,"column":23},"end":{"line":113,"column":26}},"106":{"start":{"line":114,"column":23},"end":{"line":114,"column":26}},"107":{"start":{"line":116,"column":30},"end":{"line":116,"column":33}},"108":{"start":{"line":117,"column":25},"end":{"line":117,"column":28}},"109":{"start":{"line":118,"column":31},"end":{"line":118,"column":34}},"110":{"start":{"line":119,"column":30},"end":{"line":119,"column":33}},"111":{"start":{"line":120,"column":29},"end":{"line":120,"column":32}},"112":{"start":{"line":121,"column":28},"end":{"line":121,"column":31}},"113":{"start":{"line":123,"column":32},"end":{"line":123,"column":35}},"114":{"start":{"line":125,"column":23},"end":{"line":125,"column":26}},"115":{"start":{"line":126,"column":23},"end":{"line":126,"column":26}},"116":{"start":{"line":128,"column":31},"end":{"line":128,"column":34}},"117":{"start":{"line":129,"column":29},"end":{"line":129,"column":32}},"118":{"start":{"line":130,"column":31},"end":{"line":130,"column":34}},"119":{"start":{"line":132,"column":29},"end":{"line":132,"column":32}},"120":{"start":{"line":133,"column":27},"end":{"line":133,"column":30}},"121":{"start":{"line":134,"column":27},"end":{"line":134,"column":30}},"122":{"start":{"line":135,"column":30},"end":{"line":135,"column":33}},"123":{"start":{"line":137,"column":30},"end":{"line":137,"column":33}},"124":{"start":{"line":138,"column":34},"end":{"line":138,"column":37}},"125":{"start":{"line":139,"column":25},"end":{"line":139,"column":28}},"126":{"start":{"line":140,"column":30},"end":{"line":140,"column":33}},"127":{"start":{"line":141,"column":33},"end":{"line":141,"column":36}},"128":{"start":{"line":142,"column":26},"end":{"line":142,"column":29}},"129":{"start":{"line":143,"column":26},"end":{"line":143,"column":29}},"130":{"start":{"line":145,"column":21},"end":{"line":145,"column":24}},"131":{"start":{"line":146,"column":24},"end":{"line":146,"column":27}},"132":{"start":{"line":148,"column":20},"end":{"line":148,"column":23}},"133":{"start":{"line":149,"column":20},"end":{"line":149,"column":23}}},"fnMap":{},"branchMap":{},"s":{"0":3,"1":3,"2":3,"3":3,"4":3,"5":3,"6":3,"7":3,"8":3,"9":3,"10":3,"11":3,"12":3,"13":3,"14":3,"15":3,"16":3,"17":3,"18":3,"19":3,"20":3,"21":3,"22":3,"23":3,"24":3,"25":3,"26":3,"27":3,"28":3,"29":3,"30":3,"31":3,"32":3,"33":3,"34":3,"35":3,"36":3,"37":3,"38":3,"39":3,"40":3,"41":3,"42":3,"43":3,"44":3,"45":3,"46":3,"47":3,"48":3,"49":3,"50":3,"51":3,"52":3,"53":3,"54":3,"55":3,"56":3,"57":3,"58":3,"59":3,"60":3,"61":3,"62":3,"63":3,"64":3,"65":3,"66":3,"67":3,"68":3,"69":3,"70":3,"71":3,"72":3,"73":3,"74":3,"75":3,"76":3,"77":3,"78":3,"79":3,"80":3,"81":3,"82":3,"83":3,"84":3,"85":3,"86":3,"87":3,"88":3,"89":3,"90":3,"91":3,"92":3,"93":3,"94":3,"95":3,"96":3,"97":3,"98":3,"99":3,"100":3,"101":3,"102":3,"103":3,"104":3,"105":3,"106":3,"107":3,"108":3,"109":3,"110":3,"111":3,"112":3,"113":3,"114":3,"115":3,"116":3,"117":3,"118":3,"119":3,"120":3,"121":3,"122":3,"123":3,"124":3,"125":3,"126":3,"127":3,"128":3,"129":3,"130":3,"131":3,"132":3,"133":3},"f":{},"b":{}}
,"src/parts/KeyCodeString/KeyCodeString.ts": {"path":"src/parts/KeyCodeString/KeyCodeString.ts","statementMap":{"0":{"start":{"line":1,"column":23},"end":{"line":1,"column":32}},"1":{"start":{"line":2,"column":25},"end":{"line":2,"column":36}},"2":{"start":{"line":3,"column":19},"end":{"line":3,"column":24}},"3":{"start":{"line":4,"column":21},"end":{"line":4,"column":28}},"4":{"start":{"line":5,"column":20},"end":{"line":5,"column":29}},"5":{"start":{"line":6,"column":19},"end":{"line":6,"column":24}},"6":{"start":{"line":7,"column":26},"end":{"line":7,"column":38}},"7":{"start":{"line":8,"column":24},"end":{"line":8,"column":34}},"8":{"start":{"line":9,"column":22},"end":{"line":9,"column":30}},"9":{"start":{"line":10,"column":21},"end":{"line":10,"column":28}},"10":{"start":{"line":11,"column":22},"end":{"line":11,"column":30}},"11":{"start":{"line":12,"column":24},"end":{"line":12,"column":34}},"12":{"start":{"line":13,"column":19},"end":{"line":13,"column":24}},"13":{"start":{"line":14,"column":20},"end":{"line":14,"column":26}},"14":{"start":{"line":15,"column":25},"end":{"line":15,"column":36}},"15":{"start":{"line":16,"column":23},"end":{"line":16,"column":32}},"16":{"start":{"line":17,"column":26},"end":{"line":17,"column":38}},"17":{"start":{"line":18,"column":25},"end":{"line":18,"column":36}},"18":{"start":{"line":19,"column":22},"end":{"line":19,"column":30}},"19":{"start":{"line":20,"column":22},"end":{"line":20,"column":30}},"20":{"start":{"line":22,"column":22},"end":{"line":22,"column":25}},"21":{"start":{"line":23,"column":22},"end":{"line":23,"column":25}},"22":{"start":{"line":24,"column":22},"end":{"line":24,"column":25}},"23":{"start":{"line":25,"column":22},"end":{"line":25,"column":25}},"24":{"start":{"line":26,"column":22},"end":{"line":26,"column":25}},"25":{"start":{"line":27,"column":22},"end":{"line":27,"column":25}},"26":{"start":{"line":28,"column":22},"end":{"line":28,"column":25}},"27":{"start":{"line":29,"column":22},"end":{"line":29,"column":25}},"28":{"start":{"line":30,"column":22},"end":{"line":30,"column":25}},"29":{"start":{"line":31,"column":22},"end":{"line":31,"column":25}},"30":{"start":{"line":33,"column":20},"end":{"line":33,"column":23}},"31":{"start":{"line":34,"column":20},"end":{"line":34,"column":23}},"32":{"start":{"line":35,"column":20},"end":{"line":35,"column":23}},"33":{"start":{"line":36,"column":20},"end":{"line":36,"column":23}},"34":{"start":{"line":37,"column":20},"end":{"line":37,"column":23}},"35":{"start":{"line":38,"column":20},"end":{"line":38,"column":23}},"36":{"start":{"line":39,"column":20},"end":{"line":39,"column":23}},"37":{"start":{"line":40,"column":20},"end":{"line":40,"column":23}},"38":{"start":{"line":41,"column":20},"end":{"line":41,"column":23}},"39":{"start":{"line":42,"column":20},"end":{"line":42,"column":23}},"40":{"start":{"line":43,"column":20},"end":{"line":43,"column":23}},"41":{"start":{"line":44,"column":20},"end":{"line":44,"column":23}},"42":{"start":{"line":45,"column":20},"end":{"line":45,"column":23}},"43":{"start":{"line":46,"column":20},"end":{"line":46,"column":23}},"44":{"start":{"line":47,"column":20},"end":{"line":47,"column":23}},"45":{"start":{"line":48,"column":20},"end":{"line":48,"column":23}},"46":{"start":{"line":49,"column":20},"end":{"line":49,"column":23}},"47":{"start":{"line":50,"column":20},"end":{"line":50,"column":23}},"48":{"start":{"line":51,"column":20},"end":{"line":51,"column":23}},"49":{"start":{"line":52,"column":20},"end":{"line":52,"column":23}},"50":{"start":{"line":53,"column":20},"end":{"line":53,"column":23}},"51":{"start":{"line":54,"column":20},"end":{"line":54,"column":23}},"52":{"start":{"line":55,"column":20},"end":{"line":55,"column":23}},"53":{"start":{"line":56,"column":20},"end":{"line":56,"column":23}},"54":{"start":{"line":57,"column":20},"end":{"line":57,"column":23}},"55":{"start":{"line":58,"column":20},"end":{"line":58,"column":23}},"56":{"start":{"line":60,"column":20},"end":{"line":60,"column":26}},"57":{"start":{"line":61,"column":27},"end":{"line":61,"column":40}},"58":{"start":{"line":63,"column":18},"end":{"line":63,"column":22}},"59":{"start":{"line":64,"column":18},"end":{"line":64,"column":22}},"60":{"start":{"line":65,"column":18},"end":{"line":65,"column":22}},"61":{"start":{"line":66,"column":18},"end":{"line":66,"column":22}},"62":{"start":{"line":67,"column":18},"end":{"line":67,"column":22}},"63":{"start":{"line":68,"column":18},"end":{"line":68,"column":22}},"64":{"start":{"line":69,"column":18},"end":{"line":69,"column":22}},"65":{"start":{"line":70,"column":18},"end":{"line":70,"column":22}},"66":{"start":{"line":71,"column":18},"end":{"line":71,"column":22}},"67":{"start":{"line":72,"column":19},"end":{"line":72,"column":24}},"68":{"start":{"line":73,"column":19},"end":{"line":73,"column":24}},"69":{"start":{"line":74,"column":19},"end":{"line":74,"column":24}},"70":{"start":{"line":75,"column":19},"end":{"line":75,"column":24}},"71":{"start":{"line":76,"column":19},"end":{"line":76,"column":24}},"72":{"start":{"line":77,"column":19},"end":{"line":77,"column":24}},"73":{"start":{"line":78,"column":19},"end":{"line":78,"column":24}},"74":{"start":{"line":79,"column":19},"end":{"line":79,"column":24}},"75":{"start":{"line":80,"column":19},"end":{"line":80,"column":24}},"76":{"start":{"line":81,"column":19},"end":{"line":81,"column":24}},"77":{"start":{"line":82,"column":19},"end":{"line":82,"column":24}},"78":{"start":{"line":83,"column":19},"end":{"line":83,"column":24}},"79":{"start":{"line":84,"column":19},"end":{"line":84,"column":24}},"80":{"start":{"line":85,"column":19},"end":{"line":85,"column":24}},"81":{"start":{"line":86,"column":19},"end":{"line":86,"column":24}},"82":{"start":{"line":88,"column":23},"end":{"line":88,"column":32}},"83":{"start":{"line":89,"column":26},"end":{"line":89,"column":38}},"84":{"start":{"line":91,"column":25},"end":{"line":91,"column":28}},"85":{"start":{"line":92,"column":21},"end":{"line":92,"column":24}},"86":{"start":{"line":93,"column":21},"end":{"line":93,"column":24}},"87":{"start":{"line":94,"column":21},"end":{"line":94,"column":28}},"88":{"start":{"line":95,"column":22},"end":{"line":95,"column":30}},"89":{"start":{"line":96,"column":21},"end":{"line":96,"column":28}},"90":{"start":{"line":97,"column":25},"end":{"line":97,"column":36}},"91":{"start":{"line":98,"column":27},"end":{"line":98,"column":40}},"92":{"start":{"line":99,"column":25},"end":{"line":99,"column":36}},"93":{"start":{"line":100,"column":28},"end":{"line":100,"column":42}},"94":{"start":{"line":101,"column":21},"end":{"line":101,"column":28}},"95":{"start":{"line":102,"column":21},"end":{"line":102,"column":28}},"96":{"start":{"line":103,"column":29},"end":{"line":103,"column":44}},"97":{"start":{"line":105,"column":23},"end":{"line":105,"column":32}},"98":{"start":{"line":106,"column":23},"end":{"line":106,"column":32}},"99":{"start":{"line":107,"column":23},"end":{"line":107,"column":32}},"100":{"start":{"line":108,"column":23},"end":{"line":108,"column":32}},"101":{"start":{"line":109,"column":23},"end":{"line":109,"column":32}},"102":{"start":{"line":110,"column":23},"end":{"line":110,"column":32}},"103":{"start":{"line":111,"column":23},"end":{"line":111,"column":32}},"104":{"start":{"line":112,"column":23},"end":{"line":112,"column":32}},"105":{"start":{"line":113,"column":23},"end":{"line":113,"column":32}},"106":{"start":{"line":114,"column":23},"end":{"line":114,"column":32}},"107":{"start":{"line":116,"column":30},"end":{"line":116,"column":46}},"108":{"start":{"line":117,"column":25},"end":{"line":117,"column":36}},"109":{"start":{"line":118,"column":31},"end":{"line":118,"column":48}},"110":{"start":{"line":119,"column":30},"end":{"line":119,"column":46}},"111":{"start":{"line":120,"column":29},"end":{"line":120,"column":44}},"112":{"start":{"line":121,"column":28},"end":{"line":121,"column":42}},"113":{"start":{"line":123,"column":32},"end":{"line":123,"column":50}},"114":{"start":{"line":125,"column":23},"end":{"line":125,"column":26}},"115":{"start":{"line":126,"column":23},"end":{"line":126,"column":26}},"116":{"start":{"line":128,"column":31},"end":{"line":128,"column":34}},"117":{"start":{"line":129,"column":29},"end":{"line":129,"column":32}},"118":{"start":{"line":130,"column":31},"end":{"line":130,"column":34}},"119":{"start":{"line":132,"column":29},"end":{"line":132,"column":32}},"120":{"start":{"line":133,"column":27},"end":{"line":133,"column":30}},"121":{"start":{"line":134,"column":27},"end":{"line":134,"column":30}},"122":{"start":{"line":135,"column":30},"end":{"line":135,"column":33}},"123":{"start":{"line":137,"column":30},"end":{"line":137,"column":33}},"124":{"start":{"line":138,"column":34},"end":{"line":138,"column":37}},"125":{"start":{"line":139,"column":25},"end":{"line":139,"column":28}},"126":{"start":{"line":140,"column":30},"end":{"line":140,"column":33}},"127":{"start":{"line":141,"column":33},"end":{"line":141,"column":36}},"128":{"start":{"line":142,"column":26},"end":{"line":142,"column":29}},"129":{"start":{"line":143,"column":26},"end":{"line":143,"column":29}},"130":{"start":{"line":145,"column":21},"end":{"line":145,"column":24}},"131":{"start":{"line":146,"column":24},"end":{"line":146,"column":27}},"132":{"start":{"line":148,"column":20},"end":{"line":148,"column":23}},"133":{"start":{"line":149,"column":20},"end":{"line":149,"column":23}}},"fnMap":{},"branchMap":{},"s":{"0":3,"1":3,"2":3,"3":3,"4":3,"5":3,"6":3,"7":3,"8":3,"9":3,"10":3,"11":3,"12":3,"13":3,"14":3,"15":3,"16":3,"17":3,"18":3,"19":3,"20":3,"21":3,"22":3,"23":3,"24":3,"25":3,"26":3,"27":3,"28":3,"29":3,"30":3,"31":3,"32":3,"33":3,"34":3,"35":3,"36":3,"37":3,"38":3,"39":3,"40":3,"41":3,"42":3,"43":3,"44":3,"45":3,"46":3,"47":3,"48":3,"49":3,"50":3,"51":3,"52":3,"53":3,"54":3,"55":3,"56":3,"57":3,"58":3,"59":3,"60":3,"61":3,"62":3,"63":3,"64":3,"65":3,"66":3,"67":3,"68":3,"69":3,"70":3,"71":3,"72":3,"73":3,"74":3,"75":3,"76":3,"77":3,"78":3,"79":3,"80":3,"81":3,"82":3,"83":3,"84":3,"85":3,"86":3,"87":3,"88":3,"89":3,"90":3,"91":3,"92":3,"93":3,"94":3,"95":3,"96":3,"97":3,"98":3,"99":3,"100":3,"101":3,"102":3,"103":3,"104":3,"105":3,"106":3,"107":3,"108":3,"109":3,"110":3,"111":3,"112":3,"113":3,"114":3,"115":3,"116":3,"117":3,"118":3,"119":3,"120":3,"121":3,"122":3,"123":3,"124":3,"125":3,"126":3,"127":3,"128":3,"129":3,"130":3,"131":3,"132":3,"133":3},"f":{},"b":{}}
,"src/parts/KeyModifier/KeyModifier.ts": {"path":"src/parts/KeyModifier/KeyModifier.ts","statementMap":{"0":{"start":{"line":1,"column":23},"end":{"line":1,"column":38}},"1":{"start":{"line":2,"column":21},"end":{"line":2,"column":36}},"2":{"start":{"line":3,"column":19},"end":{"line":3,"column":33}},"3":{"start":{"line":4,"column":23},"end":{"line":4,"column":37}}},"fnMap":{},"branchMap":{},"s":{"0":2,"1":2,"2":2,"3":2},"f":{},"b":{}}
,"src/parts/Listen/Listen.ts": {"path":"src/parts/Listen/Listen.ts","statementMap":{"0":{"start":{"line":4,"column":22},"end":{"line":8,"column":1}},"1":{"start":{"line":5,"column":2},"end":{"line":7,"column":null}}},"fnMap":{"0":{"name":"(anonymous_0)","decl":{"start":{"line":4,"column":22},"end":{"line":4,"column":27}},"loc":{"start":{"line":4,"column":48},"end":{"line":8,"column":1}}}},"branchMap":{},"s":{"0":1,"1":0},"f":{"0":0},"b":{}}
,"src/parts/Main/Main.ts": {"path":"src/parts/Main/Main.ts","statementMap":{"0":{"start":{"line":3,"column":20},"end":{"line":5,"column":1}},"1":{"start":{"line":4,"column":2},"end":{"line":4,"column":null}}},"fnMap":{"0":{"name":"(anonymous_0)","decl":{"start":{"line":3,"column":20},"end":{"line":3,"column":25}},"loc":{"start":{"line":3,"column":31},"end":{"line":5,"column":1}}}},"branchMap":{},"s":{"0":1,"1":0},"f":{"0":0},"b":{}}
,"src/parts/MergeClassNames/MergeClassNames.ts": {"path":"src/parts/MergeClassNames/MergeClassNames.ts","statementMap":{"0":{"start":{"line":1,"column":31},"end":{"line":3,"column":1}},"1":{"start":{"line":2,"column":2},"end":{"line":2,"column":null}}},"fnMap":{"0":{"name":"(anonymous_0)","decl":{"start":{"line":1,"column":31},"end":{"line":1,"column":32}},"loc":{"start":{"line":1,"column":67},"end":{"line":3,"column":1}}}},"branchMap":{},"s":{"0":1,"1":0},"f":{"0":0},"b":{}}
,"src/parts/ParseKey/ParseKey.ts": {"path":"src/parts/ParseKey/ParseKey.ts","statementMap":{"0":{"start":{"line":6,"column":24},"end":{"line":17,"column":1}},"1":{"start":{"line":7,"column":2},"end":{"line":7,"column":null}},"2":{"start":{"line":8,"column":17},"end":{"line":8,"column":54}},"3":{"start":{"line":9,"column":18},"end":{"line":9,"column":53}},"4":{"start":{"line":10,"column":18},"end":{"line":10,"column":37}},"5":{"start":{"line":11,"column":14},"end":{"line":11,"column":56}},"6":{"start":{"line":12,"column":2},"end":{"line":16,"column":null}}},"fnMap":{"0":{"name":"(anonymous_0)","decl":{"start":{"line":6,"column":24},"end":{"line":6,"column":25}},"loc":{"start":{"line":6,"column":54},"end":{"line":17,"column":1}}}},"branchMap":{},"s":{"0":2,"1":1,"2":1,"3":1,"4":1,"5":1,"6":1},"f":{"0":1},"b":{}}
,"src/parts/ParseKeyBinding/ParseKeyBinding.ts": {"path":"src/parts/ParseKeyBinding/ParseKeyBinding.ts","statementMap":{"0":{"start":{"line":3,"column":31},"end":{"line":9,"column":1}},"1":{"start":{"line":4,"column":2},"end":{"line":8,"column":null}}},"fnMap":{"0":{"name":"(anonymous_0)","decl":{"start":{"line":3,"column":31},"end":{"line":3,"column":32}},"loc":{"start":{"line":3,"column":51},"end":{"line":9,"column":1}}}},"branchMap":{},"s":{"0":2,"1":1},"f":{"0":1},"b":{}}
,"src/parts/ParseKeyBindings/ParseKeyBindings.ts": {"path":"src/parts/ParseKeyBindings/ParseKeyBindings.ts","statementMap":{"0":{"start":{"line":3,"column":32},"end":{"line":5,"column":1}},"1":{"start":{"line":4,"column":2},"end":{"line":4,"column":null}}},"fnMap":{"0":{"name":"(anonymous_0)","decl":{"start":{"line":3,"column":32},"end":{"line":3,"column":33}},"loc":{"start":{"line":3,"column":55},"end":{"line":5,"column":1}}}},"branchMap":{},"s":{"0":2,"1":1},"f":{"0":1},"b":{}}
,"src/parts/Px/Px.ts": {"path":"src/parts/Px/Px.ts","statementMap":{"0":{"start":{"line":1,"column":18},"end":{"line":3,"column":1}},"1":{"start":{"line":2,"column":2},"end":{"line":2,"column":null}}},"fnMap":{"0":{"name":"(anonymous_0)","decl":{"start":{"line":1,"column":18},"end":{"line":1,"column":19}},"loc":{"start":{"line":1,"column":44},"end":{"line":3,"column":1}}}},"branchMap":{},"s":{"0":1,"1":0},"f":{"0":0},"b":{}}
,"src/parts/Render/Render.ts": {"path":"src/parts/Render/Render.ts","statementMap":{"0":{"start":{"line":5,"column":26},"end":{"line":42,"column":null}},"1":{"start":{"line":7,"column":4},"end":{"line":16,"column":null}},"2":{"start":{"line":20,"column":6},"end":{"line":20,"column":14}},"3":{"start":{"line":21,"column":19},"end":{"line":21,"column":39}},"4":{"start":{"line":22,"column":20},"end":{"line":22,"column":40}},"5":{"start":{"line":23,"column":33},"end":{"line":23,"column":35}},"6":{"start":{"line":24,"column":30},"end":{"line":24,"column":71}},"7":{"start":{"line":26,"column":31},"end":{"line":26,"column":130}},"8":{"start":{"line":29,"column":21},"end":{"line":36,"column":null}},"9":{"start":{"line":40,"column":4},"end":{"line":40,"column":null}},"10":{"start":{"line":45,"column":27},"end":{"line":56,"column":null}},"11":{"start":{"line":47,"column":4},"end":{"line":51,"column":null}},"12":{"start":{"line":54,"column":4},"end":{"line":54,"column":null}},"13":{"start":{"line":58,"column":20},"end":{"line":65,"column":null}},"14":{"start":{"line":60,"column":4},"end":{"line":60,"column":null}},"15":{"start":{"line":63,"column":4},"end":{"line":63,"column":null}},"16":{"start":{"line":68,"column":24},"end":{"line":76,"column":null}},"17":{"start":{"line":70,"column":4},"end":{"line":70,"column":null}},"18":{"start":{"line":73,"column":20},"end":{"line":73,"column":87}},"19":{"start":{"line":74,"column":4},"end":{"line":74,"column":null}},"20":{"start":{"line":79,"column":24},"end":{"line":92,"column":null}},"21":{"start":{"line":81,"column":4},"end":{"line":86,"column":null}},"22":{"start":{"line":89,"column":23},"end":{"line":89,"column":137}},"23":{"start":{"line":90,"column":4},"end":{"line":90,"column":null}},"24":{"start":{"line":94,"column":15},"end":{"line":98,"column":null}},"25":{"start":{"line":100,"column":33},"end":{"line":108,"column":1}},"26":{"start":{"line":101,"column":26},"end":{"line":101,"column":28}},"27":{"start":{"line":102,"column":2},"end":{"line":106,"column":3}},"28":{"start":{"line":103,"column":4},"end":{"line":105,"column":5}},"29":{"start":{"line":104,"column":6},"end":{"line":104,"column":null}},"30":{"start":{"line":107,"column":2},"end":{"line":107,"column":null}}},"fnMap":{"0":{"name":"(anonymous_0)","decl":{"start":{"line":6,"column":2},"end":{"line":6,"column":9}},"loc":{"start":{"line":6,"column":38},"end":{"line":17,"column":3}}},"1":{"name":"(anonymous_1)","decl":{"start":{"line":18,"column":2},"end":{"line":18,"column":7}},"loc":{"start":{"line":18,"column":36},"end":{"line":41,"column":3}}},"2":{"name":"(anonymous_2)","decl":{"start":{"line":46,"column":2},"end":{"line":46,"column":9}},"loc":{"start":{"line":46,"column":38},"end":{"line":52,"column":3}}},"3":{"name":"(anonymous_3)","decl":{"start":{"line":53,"column":2},"end":{"line":53,"column":7}},"loc":{"start":{"line":53,"column":36},"end":{"line":55,"column":3}}},"4":{"name":"(anonymous_4)","decl":{"start":{"line":59,"column":2},"end":{"line":59,"column":9}},"loc":{"start":{"line":59,"column":38},"end":{"line":61,"column":3}}},"5":{"name":"(anonymous_5)","decl":{"start":{"line":62,"column":2},"end":{"line":62,"column":7}},"loc":{"start":{"line":62,"column":36},"end":{"line":64,"column":3}}},"6":{"name":"(anonymous_6)","decl":{"start":{"line":69,"column":2},"end":{"line":69,"column":9}},"loc":{"start":{"line":69,"column":38},"end":{"line":71,"column":3}}},"7":{"name":"(anonymous_7)","decl":{"start":{"line":72,"column":2},"end":{"line":72,"column":7}},"loc":{"start":{"line":72,"column":36},"end":{"line":75,"column":3}}},"8":{"name":"(anonymous_8)","decl":{"start":{"line":80,"column":2},"end":{"line":80,"column":9}},"loc":{"start":{"line":80,"column":38},"end":{"line":87,"column":3}}},"9":{"name":"(anonymous_9)","decl":{"start":{"line":88,"column":2},"end":{"line":88,"column":7}},"loc":{"start":{"line":88,"column":36},"end":{"line":91,"column":3}}},"10":{"name":"(anonymous_10)","decl":{"start":{"line":100,"column":33},"end":{"line":100,"column":34}},"loc":{"start":{"line":100,"column":66},"end":{"line":108,"column":1}}}},"branchMap":{"0":{"loc":{"start":{"line":8,"column":6},"end":{"line":15,"column":53}},"type":"binary-expr","locations":[{"start":{"line":8,"column":6},"end":{"line":8,"column":67}},{"start":{"line":9,"column":6},"end":{"line":9,"column":45}},{"start":{"line":10,"column":6},"end":{"line":10,"column":45}},{"start":{"line":11,"column":6},"end":{"line":11,"column":55}},{"start":{"line":12,"column":6},"end":{"line":12,"column":53}},{"start":{"line":13,"column":6},"end":{"line":13,"column":53}},{"start":{"line":14,"column":6},"end":{"line":14,"column":53}},{"start":{"line":15,"column":6},"end":{"line":15,"column":53}}]},"1":{"loc":{"start":{"line":48,"column":6},"end":{"line":50,"column":53}},"type":"binary-expr","locations":[{"start":{"line":48,"column":6},"end":{"line":48,"column":53}},{"start":{"line":49,"column":6},"end":{"line":49,"column":53}},{"start":{"line":50,"column":6},"end":{"line":50,"column":53}}]},"2":{"loc":{"start":{"line":70,"column":11},"end":{"line":70,"column":89}},"type":"binary-expr","locations":[{"start":{"line":70,"column":11},"end":{"line":70,"column":44}},{"start":{"line":70,"column":48},"end":{"line":70,"column":89}}]},"3":{"loc":{"start":{"line":73,"column":20},"end":{"line":73,"column":87}},"type":"cond-expr","locations":[{"start":{"line":73,"column":64},"end":{"line":73,"column":82}},{"start":{"line":73,"column":85},"end":{"line":73,"column":87}}]},"4":{"loc":{"start":{"line":82,"column":6},"end":{"line":85,"column":51}},"type":"binary-expr","locations":[{"start":{"line":82,"column":6},"end":{"line":82,"column":57}},{"start":{"line":83,"column":6},"end":{"line":83,"column":41}},{"start":{"line":84,"column":6},"end":{"line":84,"column":41}},{"start":{"line":85,"column":6},"end":{"line":85,"column":51}}]},"5":{"loc":{"start":{"line":103,"column":4},"end":{"line":105,"column":5}},"type":"if","locations":[{"start":{"line":103,"column":4},"end":{"line":105,"column":5}}]}},"s":{"0":1,"1":0,"2":0,"3":0,"4":0,"5":0,"6":0,"7":0,"8":0,"9":0,"10":1,"11":0,"12":0,"13":1,"14":0,"15":0,"16":1,"17":0,"18":0,"19":0,"20":1,"21":0,"22":0,"23":0,"24":1,"25":1,"26":0,"27":0,"28":0,"29":0,"30":0},"f":{"0":0,"1":0,"2":0,"3":0,"4":0,"5":0,"6":0,"7":0,"8":0,"9":0,"10":0},"b":{"0":[0,0,0,0,0,0,0,0],"1":[0,0,0],"2":[0,0],"3":[0,0],"4":[0,0,0,0],"5":[0]}}
,"src/parts/ScrollBarFunctions/ScrollBarFunctions.ts": {"path":"src/parts/ScrollBarFunctions/ScrollBarFunctions.ts","statementMap":{"0":{"start":{"line":1,"column":32},"end":{"line":6,"column":1}},"1":{"start":{"line":2,"column":2},"end":{"line":4,"column":3}},"2":{"start":{"line":3,"column":4},"end":{"line":3,"column":null}},"3":{"start":{"line":5,"column":2},"end":{"line":5,"column":null}},"4":{"start":{"line":8,"column":34},"end":{"line":11,"column":1}},"5":{"start":{"line":9,"column":26},"end":{"line":9,"column":71}},"6":{"start":{"line":10,"column":2},"end":{"line":10,"column":null}},"7":{"start":{"line":13,"column":29},"end":{"line":13,"column":47}},"8":{"start":{"line":15,"column":33},"end":{"line":20,"column":1}},"9":{"start":{"line":16,"column":2},"end":{"line":18,"column":3}},"10":{"start":{"line":17,"column":4},"end":{"line":17,"column":null}},"11":{"start":{"line":19,"column":2},"end":{"line":19,"column":null}},"12":{"start":{"line":22,"column":34},"end":{"line":43,"column":1}},"13":{"start":{"line":23,"column":30},"end":{"line":23,"column":49}},"14":{"start":{"line":24,"column":2},"end":{"line":30,"column":3}},"15":{"start":{"line":26,"column":4},"end":{"line":29,"column":null}},"16":{"start":{"line":31,"column":2},"end":{"line":37,"column":3}},"17":{"start":{"line":33,"column":4},"end":{"line":36,"column":null}},"18":{"start":{"line":39,"column":2},"end":{"line":42,"column":null}}},"fnMap":{"0":{"name":"(anonymous_0)","decl":{"start":{"line":1,"column":32},"end":{"line":1,"column":33}},"loc":{"start":{"line":1,"column":97},"end":{"line":6,"column":1}}},"1":{"name":"(anonymous_1)","decl":{"start":{"line":8,"column":34},"end":{"line":8,"column":35}},"loc":{"start":{"line":8,"column":109},"end":{"line":11,"column":1}}},"2":{"name":"(anonymous_2)","decl":{"start":{"line":15,"column":33},"end":{"line":15,"column":34}},"loc":{"start":{"line":15,"column":77},"end":{"line":20,"column":1}}},"3":{"name":"(anonymous_3)","decl":{"start":{"line":22,"column":34},"end":{"line":22,"column":35}},"loc":{"start":{"line":22,"column":97},"end":{"line":43,"column":1}}}},"branchMap":{"0":{"loc":{"start":{"line":2,"column":2},"end":{"line":4,"column":3}},"type":"if","locations":[{"start":{"line":2,"column":2},"end":{"line":4,"column":3}}]},"1":{"loc":{"start":{"line":16,"column":2},"end":{"line":18,"column":3}},"type":"if","locations":[{"start":{"line":16,"column":2},"end":{"line":18,"column":3}}]},"2":{"loc":{"start":{"line":24,"column":2},"end":{"line":30,"column":3}},"type":"if","locations":[{"start":{"line":24,"column":2},"end":{"line":30,"column":3}}]},"3":{"loc":{"start":{"line":31,"column":2},"end":{"line":37,"column":3}},"type":"if","locations":[{"start":{"line":31,"column":2},"end":{"line":37,"column":3}}]}},"s":{"0":1,"1":0,"2":0,"3":0,"4":1,"5":0,"6":0,"7":1,"8":1,"9":0,"10":0,"11":0,"12":1,"13":0,"14":0,"15":0,"16":0,"17":0,"18":0},"f":{"0":0,"1":0,"2":0,"3":0},"b":{"0":[0],"1":[0],"2":[0],"3":[0]}}
,"src/parts/VirtualDomElements/VirtualDomElements.ts": {"path":"src/parts/VirtualDomElements/VirtualDomElements.ts","statementMap":{"0":{"start":{"line":1,"column":22},"end":{"line":1,"column":23}},"1":{"start":{"line":2,"column":19},"end":{"line":2,"column":20}},"2":{"start":{"line":3,"column":24},"end":{"line":3,"column":25}},"3":{"start":{"line":4,"column":19},"end":{"line":4,"column":20}},"4":{"start":{"line":5,"column":21},"end":{"line":5,"column":22}},"5":{"start":{"line":6,"column":19},"end":{"line":6,"column":20}},"6":{"start":{"line":7,"column":20},"end":{"line":7,"column":21}},"7":{"start":{"line":8,"column":21},"end":{"line":8,"column":22}},"8":{"start":{"line":9,"column":21},"end":{"line":9,"column":23}},"9":{"start":{"line":10,"column":18},"end":{"line":10,"column":20}},"10":{"start":{"line":11,"column":20},"end":{"line":11,"column":22}},"11":{"start":{"line":12,"column":18},"end":{"line":12,"column":20}},"12":{"start":{"line":13,"column":21},"end":{"line":13,"column":23}},"13":{"start":{"line":14,"column":18},"end":{"line":14,"column":20}}},"fnMap":{},"branchMap":{},"s":{"0":1,"1":1,"2":1,"3":1,"4":1,"5":1,"6":1,"7":1,"8":1,"9":1,"10":1,"11":1,"12":1,"13":1},"f":{},"b":{}}
,"src/parts/VirtualDomHelpers/VirtualDomHelpers.ts": {"path":"src/parts/VirtualDomHelpers/VirtualDomHelpers.ts","statementMap":{"0":{"start":{"line":3,"column":20},"end":{"line":9,"column":1}},"1":{"start":{"line":4,"column":2},"end":{"line":8,"column":null}}},"fnMap":{"0":{"name":"(anonymous_0)","decl":{"start":{"line":3,"column":20},"end":{"line":3,"column":21}},"loc":{"start":{"line":3,"column":37},"end":{"line":9,"column":1}}}},"branchMap":{},"s":{"0":1,"1":7},"f":{"0":7},"b":{}}
,"src/parts/WhenExpression/WhenExpression.ts": {"path":"src/parts/WhenExpression/WhenExpression.ts","statementMap":{"0":{"start":{"line":1,"column":37},"end":{"line":1,"column":39}}},"fnMap":{},"branchMap":{},"s":{"0":1},"f":{},"b":{}}
}
